<?xml version="1.0" encoding="UTF-8"?>
<!-- Generated by org.testng.reporters.JUnitReportReporter -->
<testsuite hostname="HDjoudi201214" failures="0" tests="2" name="NewTest" time="0.018" errors="0" timestamp="2021-02-02T11:39:28 CST" skipped="0">
  <testcase classname="NewTest" name="f" time="0.013"/>
  <system-out/>
  <testcase classname="NewTest" name="f" time="0.005"/>
  <system-out/>
</testsuite> <!-- NewTest -->
