<?xml version="1.0" encoding="UTF-8"?>
<!-- Generated by org.testng.reporters.JUnitReportReporter -->
<testsuite hostname="HDjoudi201214" failures="0" tests="30" name="test.SubjectProperty" time="253.278" errors="0" timestamp="2022-04-27T11:37:12 CDT" skipped="0">
  <testcase classname="test.SubjectProperty" name="Zenly" time="0.291"/>
  <system-out/>
  <testcase classname="test.SubjectProperty" name="newloan" time="6.151"/>
  <system-out/>
  <testcase classname="test.SubjectProperty" name="tope_sectioninfos" time="15.134"/>
  <system-out/>
  <testcase classname="test.SubjectProperty" name="BorrowerInf" time="13.876"/>
  <system-out/>
  <testcase classname="test.SubjectProperty" name="SAVE" time="0.219"/>
  <system-out/>
  <testcase classname="test.SubjectProperty" name="Subject_Property_Address" time="18.243"/>
  <system-out/>
  <testcase classname="test.SubjectProperty" name="Property_Information" time="33.004"/>
  <system-out/>
  <testcase classname="test.SubjectProperty" name="ProposedHousingExpensesAddButton" time="0.352"/>
  <system-out/>
  <testcase classname="test.SubjectProperty" name="Proposed_Housing_Expenses" time="10.036"/>
  <system-out/>
  <testcase classname="test.SubjectProperty" name="Proposed_Housing_Expenses" time="10.132"/>
  <system-out/>
  <testcase classname="test.SubjectProperty" name="Proposed_Housing_Expenses" time="10.048"/>
  <system-out/>
  <testcase classname="test.SubjectProperty" name="Subordinate_FinancingAddButton" time="1.142"/>
  <system-out/>
  <testcase classname="test.SubjectProperty" name="Subordinate_Financing" time="20.574"/>
  <system-out/>
  <testcase classname="test.SubjectProperty" name="Subordinate_Financing" time="20.549"/>
  <system-out/>
  <testcase classname="test.SubjectProperty" name="Subordinate_Financing" time="20.582"/>
  <system-out/>
  <testcase classname="test.SubjectProperty" name="Subordinate_Financing" time="21.422"/>
  <system-out/>
  <testcase classname="test.SubjectProperty" name="Title" time="16.265"/>
  <system-out/>
  <testcase classname="test.SubjectProperty" name="NameONTitleAddButton" time="0.594"/>
  <system-out/>
  <testcase classname="test.SubjectProperty" name="Names_on_Title" time="3.911"/>
  <system-out/>
  <testcase classname="test.SubjectProperty" name="Names_on_Title" time="3.589"/>
  <system-out/>
  <testcase classname="test.SubjectProperty" name="Names_on_Title" time="3.654"/>
  <system-out/>
  <testcase classname="test.SubjectProperty" name="Names_on_Title" time="3.573"/>
  <system-out/>
  <testcase classname="test.SubjectProperty" name="If_Refinance_Loan" time="3.054"/>
  <system-out/>
  <testcase classname="test.SubjectProperty" name="CurrentNameONTitleAddButton" time="3.082"/>
  <system-out/>
  <testcase classname="test.SubjectProperty" name="Names_Currently_held_on_Title" time="0.023"/>
  <system-out/>
  <testcase classname="test.SubjectProperty" name="Names_Currently_held_on_Title" time="0.020"/>
  <system-out/>
  <testcase classname="test.SubjectProperty" name="Names_Currently_held_on_Title" time="0.019"/>
  <system-out/>
  <testcase classname="test.SubjectProperty" name="Names_Currently_held_on_Title" time="0.019"/>
  <system-out/>
  <testcase classname="test.SubjectProperty" name="Energy_Improvements" time="13.272"/>
  <system-out/>
  <testcase classname="test.SubjectProperty" name="SubjectPropertySAVE" time="0.448"/>
  <system-out/>
</testsuite> <!-- test.SubjectProperty -->
