<?xml version="1.0" encoding="UTF-8"?>
<!-- Generated by org.testng.reporters.JUnitReportReporter -->
<testsuite hostname="HDjoudi201214" failures="0" tests="42" name="DTICALCULATION.DTINewTest" time="6.623" errors="1" timestamp="2021-04-29T08:47:30 CDT" skipped="41">
  <testcase classname="DTICALCULATION.DTINewTest" name="open" time="6.623">
    <error message="null value in entry: url=null" type="java.lang.NullPointerException">
      <![CDATA[java.lang.NullPointerException: null value in entry: url=null
at com.google.common.collect.CollectPreconditions.checkEntryNotNull(CollectPreconditions.java:33)
at com.google.common.collect.SingletonImmutableBiMap.<init>(SingletonImmutableBiMap.java:39)
at com.google.common.collect.ImmutableBiMap.of(ImmutableBiMap.java:49)
at com.google.common.collect.ImmutableMap.of(ImmutableMap.java:70)
at org.openqa.selenium.remote.RemoteWebDriver.get(RemoteWebDriver.java:316)
at DTICalculationNew1003.BrowserFactory2.WebDriverManagerTest(BrowserFactory2.java:18)
at DTICALCULATION.DTINewTest.open(DTINewTest.java:120)
at java.base/jdk.internal.reflect.NativeMethodAccessorImpl.invoke0(Native Method)
at java.base/jdk.internal.reflect.NativeMethodAccessorImpl.invoke(NativeMethodAccessorImpl.java:64)
at java.base/jdk.internal.reflect.DelegatingMethodAccessorImpl.invoke(DelegatingMethodAccessorImpl.java:43)
at java.base/java.lang.reflect.Method.invoke(Method.java:564)
at org.testng.internal.MethodInvocationHelper.invokeMethod(MethodInvocationHelper.java:132)
at org.testng.internal.MethodInvocationHelper.invokeMethodConsideringTimeout(MethodInvocationHelper.java:61)
at org.testng.internal.ConfigInvoker.invokeConfigurationMethod(ConfigInvoker.java:366)
at org.testng.internal.ConfigInvoker.invokeConfigurations(ConfigInvoker.java:320)
at org.testng.internal.TestMethodWorker.invokeBeforeClassMethods(TestMethodWorker.java:176)
at org.testng.internal.TestMethodWorker.run(TestMethodWorker.java:122)
at java.base/java.util.ArrayList.forEach(ArrayList.java:1511)
at org.testng.TestRunner.privateRun(TestRunner.java:764)
at org.testng.TestRunner.run(TestRunner.java:585)
at org.testng.SuiteRunner.runTest(SuiteRunner.java:384)
at org.testng.SuiteRunner.runSequentially(SuiteRunner.java:378)
at org.testng.SuiteRunner.privateRun(SuiteRunner.java:337)
at org.testng.SuiteRunner.run(SuiteRunner.java:286)
at org.testng.SuiteRunnerWorker.runSuite(SuiteRunnerWorker.java:53)
at org.testng.SuiteRunnerWorker.run(SuiteRunnerWorker.java:96)
at org.testng.TestNG.runSuitesSequentially(TestNG.java:1218)
at org.testng.TestNG.runSuitesLocally(TestNG.java:1140)
at org.testng.TestNG.runSuites(TestNG.java:1069)
at org.testng.TestNG.run(TestNG.java:1037)
at org.testng.remote.AbstractRemoteTestNG.run(AbstractRemoteTestNG.java:115)
at org.testng.remote.RemoteTestNG.initAndRun(RemoteTestNG.java:251)
at org.testng.remote.RemoteTestNG.main(RemoteTestNG.java:77)
]]>
    </error>
  </testcase> <!-- open -->
  <system-out/>
  <testcase classname="DTICALCULATION.DTINewTest" name="Zenly" time="0.000">
    <skipped/>
  </testcase> <!-- Zenly -->
  <system-out/>
  <testcase classname="DTICALCULATION.DTINewTest" name="newloan" time="0.000">
    <skipped/>
  </testcase> <!-- newloan -->
  <system-out/>
  <testcase classname="DTICALCULATION.DTINewTest" name="tope_sectioninfos" time="0.000">
    <skipped/>
  </testcase> <!-- tope_sectioninfos -->
  <system-out/>
  <testcase classname="DTICALCULATION.DTINewTest" name="Borrower" time="0.000">
    <skipped/>
  </testcase> <!-- Borrower -->
  <system-out/>
  <testcase classname="DTICALCULATION.DTINewTest" name="BoAddressAddButton" time="0.000">
    <skipped/>
  </testcase> <!-- BoAddressAddButton -->
  <system-out/>
  <testcase classname="DTICALCULATION.DTINewTest" name="borrower_Address" time="0.000">
    <skipped/>
  </testcase> <!-- borrower_Address -->
  <system-out/>
  <testcase classname="DTICALCULATION.DTINewTest" name="BorrEmployementAddButton" time="0.000">
    <skipped/>
  </testcase> <!-- BorrEmployementAddButton -->
  <system-out/>
  <testcase classname="DTICALCULATION.DTINewTest" name="Borr_Employment" time="0.000">
    <skipped/>
  </testcase> <!-- Borr_Employment -->
  <system-out/>
  <testcase classname="DTICALCULATION.DTINewTest" name="BorrIncomeAddButton" time="0.000">
    <skipped/>
  </testcase> <!-- BorrIncomeAddButton -->
  <system-out/>
  <testcase classname="DTICALCULATION.DTINewTest" name="Borr_Addincome" time="0.000">
    <skipped/>
  </testcase> <!-- Borr_Addincome -->
  <system-out/>
  <testcase classname="DTICALCULATION.DTINewTest" name="Borr_Addincome" time="0.000">
    <skipped/>
  </testcase> <!-- Borr_Addincome -->
  <system-out/>
  <testcase classname="DTICALCULATION.DTINewTest" name="Borr_Addincome" time="0.000">
    <skipped/>
  </testcase> <!-- Borr_Addincome -->
  <system-out/>
  <testcase classname="DTICALCULATION.DTINewTest" name="Borr_Addincome" time="0.000">
    <skipped/>
  </testcase> <!-- Borr_Addincome -->
  <system-out/>
  <testcase classname="DTICALCULATION.DTINewTest" name="Borr_Addincome" time="0.000">
    <skipped/>
  </testcase> <!-- Borr_Addincome -->
  <system-out/>
  <testcase classname="DTICALCULATION.DTINewTest" name="Borr_Addincome" time="0.000">
    <skipped/>
  </testcase> <!-- Borr_Addincome -->
  <system-out/>
  <testcase classname="DTICALCULATION.DTINewTest" name="Borr_Addincome" time="0.000">
    <skipped/>
  </testcase> <!-- Borr_Addincome -->
  <system-out/>
  <testcase classname="DTICALCULATION.DTINewTest" name="Borr_Addincome" time="0.000">
    <skipped/>
  </testcase> <!-- Borr_Addincome -->
  <system-out/>
  <testcase classname="DTICALCULATION.DTINewTest" name="Borr_Addincome" time="0.000">
    <skipped/>
  </testcase> <!-- Borr_Addincome -->
  <system-out/>
  <testcase classname="DTICALCULATION.DTINewTest" name="Borr_Addincome" time="0.000">
    <skipped/>
  </testcase> <!-- Borr_Addincome -->
  <system-out/>
  <testcase classname="DTICALCULATION.DTINewTest" name="LiabilityAddButton" time="0.000">
    <skipped/>
  </testcase> <!-- LiabilityAddButton -->
  <system-out/>
  <testcase classname="DTICALCULATION.DTINewTest" name="Liabilities" time="0.000">
    <skipped/>
  </testcase> <!-- Liabilities -->
  <system-out/>
  <testcase classname="DTICALCULATION.DTINewTest" name="Liabilities" time="0.000">
    <skipped/>
  </testcase> <!-- Liabilities -->
  <system-out/>
  <testcase classname="DTICALCULATION.DTINewTest" name="Primary_HousingAddButton" time="0.000">
    <skipped/>
  </testcase> <!-- Primary_HousingAddButton -->
  <system-out/>
  <testcase classname="DTICALCULATION.DTINewTest" name="Primary_Housing" time="0.000">
    <skipped/>
  </testcase> <!-- Primary_Housing -->
  <system-out/>
  <testcase classname="DTICALCULATION.DTINewTest" name="Borrower_Declarations" time="0.000">
    <skipped/>
  </testcase> <!-- Borrower_Declarations -->
  <system-out/>
  <testcase classname="DTICALCULATION.DTINewTest" name="SAVE" time="0.000">
    <skipped/>
  </testcase> <!-- SAVE -->
  <system-out/>
  <testcase classname="DTICALCULATION.DTINewTest" name="LoanPage" time="0.000">
    <skipped/>
  </testcase> <!-- LoanPage -->
  <system-out/>
  <testcase classname="DTICALCULATION.DTINewTest" name="LoanTopSection" time="0.000">
    <skipped/>
  </testcase> <!-- LoanTopSection -->
  <system-out/>
  <testcase classname="DTICALCULATION.DTINewTest" name="Loan_Information" time="0.000">
    <skipped/>
  </testcase> <!-- Loan_Information -->
  <system-out/>
  <testcase classname="DTICALCULATION.DTINewTest" name="Note_Details" time="0.000">
    <skipped/>
  </testcase> <!-- Note_Details -->
  <system-out/>
  <testcase classname="DTICALCULATION.DTINewTest" name="PMIMIPVAUSDA" time="0.000">
    <skipped/>
  </testcase> <!-- PMIMIPVAUSDA -->
  <system-out/>
  <testcase classname="DTICALCULATION.DTINewTest" name="LoanSAVE" time="0.000">
    <skipped/>
  </testcase> <!-- LoanSAVE -->
  <system-out/>
  <testcase classname="DTICALCULATION.DTINewTest" name="top_section_Info_LeftSide" time="0.000">
    <skipped/>
  </testcase> <!-- top_section_Info_LeftSide -->
  <system-out/>
  <testcase classname="DTICALCULATION.DTINewTest" name="ProposedHousingExpensesAddButton" time="0.000">
    <skipped/>
  </testcase> <!-- ProposedHousingExpensesAddButton -->
  <system-out/>
  <testcase classname="DTICALCULATION.DTINewTest" name="Proposed_Housing_Expenses" time="0.000">
    <skipped/>
  </testcase> <!-- Proposed_Housing_Expenses -->
  <system-out/>
  <testcase classname="DTICALCULATION.DTINewTest" name="Proposed_Housing_Expenses" time="0.000">
    <skipped/>
  </testcase> <!-- Proposed_Housing_Expenses -->
  <system-out/>
  <testcase classname="DTICALCULATION.DTINewTest" name="Proposed_Housing_Expenses" time="0.000">
    <skipped/>
  </testcase> <!-- Proposed_Housing_Expenses -->
  <system-out/>
  <testcase classname="DTICALCULATION.DTINewTest" name="Proposed_Housing_Expenses" time="0.000">
    <skipped/>
  </testcase> <!-- Proposed_Housing_Expenses -->
  <system-out/>
  <testcase classname="DTICALCULATION.DTINewTest" name="SubjectPropertySAVE" time="0.000">
    <skipped/>
  </testcase> <!-- SubjectPropertySAVE -->
  <system-out/>
  <testcase classname="DTICALCULATION.DTINewTest" name="Loanpage" time="0.000">
    <skipped/>
  </testcase> <!-- Loanpage -->
  <system-out/>
  <testcase classname="DTICALCULATION.DTINewTest" name="run" time="0.000">
    <skipped/>
  </testcase> <!-- run -->
  <system-out/>
</testsuite> <!-- DTICALCULATION.DTINewTest -->
