<?xml version="1.0" encoding="UTF-8"?>
<!-- Generated by org.testng.reporters.JUnitReportReporter -->
<testsuite hostname="HDjoudi201214" failures="0" tests="79" name="test.DI_C02" time="1252.095" errors="0" timestamp="2021-04-28T08:40:04 CDT" skipped="0">
  <testcase classname="test.DI_C02" name="Zenly" time="3.031"/>
  <system-out/>
  <testcase classname="test.DI_C02" name="newloan" time="22.346"/>
  <system-out/>
  <testcase classname="test.DI_C02" name="tope_sectioninfos" time="17.516"/>
  <system-out/>
  <testcase classname="test.DI_C02" name="Borrower" time="16.921"/>
  <system-out/>
  <testcase classname="test.DI_C02" name="BoAddressAddButton" time="0.874"/>
  <system-out/>
  <testcase classname="test.DI_C02" name="borrower_Address" time="16.487"/>
  <system-out/>
  <testcase classname="test.DI_C02" name="BorrEmployementAddButton" time="0.446"/>
  <system-out/>
  <testcase classname="test.DI_C02" name="Borr_Employment" time="23.344"/>
  <system-out/>
  <testcase classname="test.DI_C02" name="BorrIncomeAddButton" time="0.512"/>
  <system-out/>
  <testcase classname="test.DI_C02" name="Borr_Addincome" time="13.951"/>
  <system-out/>
  <testcase classname="test.DI_C02" name="Borr_Addincome" time="13.966"/>
  <system-out/>
  <testcase classname="test.DI_C02" name="Borr_Addincome" time="13.776"/>
  <system-out/>
  <testcase classname="test.DI_C02" name="Borr_Addincome" time="13.611"/>
  <system-out/>
  <testcase classname="test.DI_C02" name="Borr_Addincome" time="13.700"/>
  <system-out/>
  <testcase classname="test.DI_C02" name="Borr_Addincome" time="13.323"/>
  <system-out/>
  <testcase classname="test.DI_C02" name="Borr_Addincome" time="13.644"/>
  <system-out/>
  <testcase classname="test.DI_C02" name="Borr_Addincome" time="13.967"/>
  <system-out/>
  <testcase classname="test.DI_C02" name="Borr_Addincome" time="14.727"/>
  <system-out/>
  <testcase classname="test.DI_C02" name="Borr_Addincome" time="13.672"/>
  <system-out/>
  <testcase classname="test.DI_C02" name="LiabilityAddButton" time="0.689"/>
  <system-out/>
  <testcase classname="test.DI_C02" name="Liabilities" time="41.516"/>
  <system-out/>
  <testcase classname="test.DI_C02" name="Liabilities" time="37.175"/>
  <system-out/>
  <testcase classname="test.DI_C02" name="Liabilities" time="39.600"/>
  <system-out/>
  <testcase classname="test.DI_C02" name="AddButton" time="0.809"/>
  <system-out/>
  <testcase classname="test.DI_C02" name="AlimonyExpences" time="22.516"/>
  <system-out/>
  <testcase classname="test.DI_C02" name="Primary_HousingAddButton" time="0.583"/>
  <system-out/>
  <testcase classname="test.DI_C02" name="Primary_Housing" time="10.545"/>
  <system-out/>
  <testcase classname="test.DI_C02" name="Borrower_Declarations" time="75.182"/>
  <system-out/>
  <testcase classname="test.DI_C02" name="SAVE" time="0.626"/>
  <system-out/>
  <testcase classname="test.DI_C02" name="LoanTopSection" time="13.773"/>
  <system-out/>
  <testcase classname="test.DI_C02" name="Loan_Information" time="47.459"/>
  <system-out/>
  <testcase classname="test.DI_C02" name="Note_Details" time="11.672"/>
  <system-out/>
  <testcase classname="test.DI_C02" name="Rental_Income_on_Subject_Property" time="4.760"/>
  <system-out/>
  <testcase classname="test.DI_C02" name="PMIMIPVAUSDA" time="17.842"/>
  <system-out/>
  <testcase classname="test.DI_C02" name="LoanSAVE" time="0.496"/>
  <system-out/>
  <testcase classname="test.DI_C02" name="top_section_Info_LeftSide" time="27.523"/>
  <system-out/>
  <testcase classname="test.DI_C02" name="ProposedHousingExpensesAddButton" time="0.712"/>
  <system-out/>
  <testcase classname="test.DI_C02" name="Proposed_Housing_Expenses" time="11.139"/>
  <system-out/>
  <testcase classname="test.DI_C02" name="Proposed_Housing_Expenses" time="11.548"/>
  <system-out/>
  <testcase classname="test.DI_C02" name="Proposed_Housing_Expenses" time="11.114"/>
  <system-out/>
  <testcase classname="test.DI_C02" name="Proposed_Housing_Expenses" time="11.821"/>
  <system-out/>
  <testcase classname="test.DI_C02" name="SubjectPropertySAVE" time="12.104"/>
  <system-out/>
  <testcase classname="test.DI_C02" name="Second_Borrower" time="24.058"/>
  <system-out/>
  <testcase classname="test.DI_C02" name="Second_CoBorrower" time="20.318"/>
  <system-out/>
  <testcase classname="test.DI_C02" name="Second_BorrEmployementAddButton" time="1.071"/>
  <system-out/>
  <testcase classname="test.DI_C02" name="Second_Borr_Employment" time="30.857"/>
  <system-out/>
  <testcase classname="test.DI_C02" name="Second_CoBorrEmployementAddButton" time="1.180"/>
  <system-out/>
  <testcase classname="test.DI_C02" name="Second_CoBorr_Employment" time="29.426"/>
  <system-out/>
  <testcase classname="test.DI_C02" name="SecondBorrIncomeAddButton" time="1.279"/>
  <system-out/>
  <testcase classname="test.DI_C02" name="Second_Borr_Addincome" time="14.696"/>
  <system-out/>
  <testcase classname="test.DI_C02" name="Second_Borr_Addincome" time="14.697"/>
  <system-out/>
  <testcase classname="test.DI_C02" name="Second_Borr_Addincome" time="16.188"/>
  <system-out/>
  <testcase classname="test.DI_C02" name="Second_Borr_Addincome" time="14.699"/>
  <system-out/>
  <testcase classname="test.DI_C02" name="Second_Borr_Addincome" time="15.002"/>
  <system-out/>
  <testcase classname="test.DI_C02" name="Second_Borr_Addincome" time="14.056"/>
  <system-out/>
  <testcase classname="test.DI_C02" name="Second_Borr_Addincome" time="16.791"/>
  <system-out/>
  <testcase classname="test.DI_C02" name="Second_Borr_Addincome" time="14.985"/>
  <system-out/>
  <testcase classname="test.DI_C02" name="Second_Borr_Addincome" time="15.030"/>
  <system-out/>
  <testcase classname="test.DI_C02" name="Second_CoBorrIncomeAddButton" time="2.754"/>
  <system-out/>
  <testcase classname="test.DI_C02" name="Second_CoBorr_Addincome" time="11.882"/>
  <system-out/>
  <testcase classname="test.DI_C02" name="Second_CoBorr_Addincome" time="12.743"/>
  <system-out/>
  <testcase classname="test.DI_C02" name="Second_CoBorr_Addincome" time="12.090"/>
  <system-out/>
  <testcase classname="test.DI_C02" name="Second_CoBorr_Addincome" time="14.181"/>
  <system-out/>
  <testcase classname="test.DI_C02" name="Second_CoBorr_Addincome" time="11.969"/>
  <system-out/>
  <testcase classname="test.DI_C02" name="Second_CoBorr_Addincome" time="12.038"/>
  <system-out/>
  <testcase classname="test.DI_C02" name="Second_CoBorr_Addincome" time="12.107"/>
  <system-out/>
  <testcase classname="test.DI_C02" name="Second_Borr_LiabilityAddButton" time="1.286"/>
  <system-out/>
  <testcase classname="test.DI_C02" name="Second_Borr_Liabilities" time="38.600"/>
  <system-out/>
  <testcase classname="test.DI_C02" name="Second_Borr_Liabilities" time="45.640"/>
  <system-out/>
  <testcase classname="test.DI_C02" name="Second_Borr_Liabilities" time="41.756"/>
  <system-out/>
  <testcase classname="test.DI_C02" name="Second_Borr_Liabilities" time="38.775"/>
  <system-out/>
  <testcase classname="test.DI_C02" name="Second_Borr_Liabilities" time="39.490"/>
  <system-out/>
  <testcase classname="test.DI_C02" name="Second_Alimony_AddButton" time="0.766"/>
  <system-out/>
  <testcase classname="test.DI_C02" name="Second_Borr_AlimonyExpences" time="23.853"/>
  <system-out/>
  <testcase classname="test.DI_C02" name="Second_Primary_HousingAddButton" time="0.639"/>
  <system-out/>
  <testcase classname="test.DI_C02" name="Second_Primary_Housing" time="11.800"/>
  <system-out/>
  <testcase classname="test.DI_C02" name="Loanpage" time="1.072"/>
  <system-out/>
  <testcase classname="test.DI_C02" name="Second_Rental_Income_on_Subject_Property" time="22.819"/>
  <system-out/>
  <testcase classname="test.DI_C02" name="ZenlySAVE" time="0.484"/>
  <system-out/>
</testsuite> <!-- test.DI_C02 -->
